<?xml version="1.0" encoding="UTF-8"?>
<!-- Generated by org.testng.reporters.JUnitReportReporter -->
<testsuite skipped="0" hostname="DESKTOP-LBJPR90" name="zClassCalcScnt.testLayer.HomePageTest" tests="5" failures="0" timestamp="12 Jun 2019 00:36:04 GMT" time="1.209" errors="0">
  <testcase name="HomePageTitleTest" time="0.114" classname="zClassCalcScnt.testLayer.HomePageTest"/>
  <testcase name="btn_OneTest" time="0.281" classname="zClassCalcScnt.testLayer.HomePageTest"/>
  <testcase name="btn_TwoTest" time="0.248" classname="zClassCalcScnt.testLayer.HomePageTest"/>
  <testcase name="btn_NineTest" time="0.309" classname="zClassCalcScnt.testLayer.HomePageTest"/>
  <testcase name="btn_SqRtTest" time="0.257" classname="zClassCalcScnt.testLayer.HomePageTest"/>
</testsuite> <!-- zClassCalcScnt.testLayer.HomePageTest -->
