<?xml version="1.0" encoding="UTF-8"?>
<!-- Generated by org.testng.reporters.JUnitReportReporter -->
<testsuite skipped="2" hostname="DESKTOP-LBJPR90" name="zClassCalcScnt.testLayer.NumPadFunTest" tests="15" failures="0" timestamp="12 Jun 2019 16:51:28 GMT" time="5.741" errors="0">
  <testcase name="btn_TwoTest" time="0.269" classname="zClassCalcScnt.testLayer.NumPadFunTest"/>
  <testcase name="btn_FourTest" time="0.301" classname="zClassCalcScnt.testLayer.NumPadFunTest"/>
  <testcase name="btn_EightTest" time="0.282" classname="zClassCalcScnt.testLayer.NumPadFunTest"/>
  <testcase name="btn_FiveTest" time="0.308" classname="zClassCalcScnt.testLayer.NumPadFunTest"/>
  <testcase name="btn_SixTest" time="0.248" classname="zClassCalcScnt.testLayer.NumPadFunTest"/>
  <testcase name="AutoCalculate1Test" time="1.465" classname="zClassCalcScnt.testLayer.NumPadFunTest"/>
  <testcase name="btn_NineTest" time="0.338" classname="zClassCalcScnt.testLayer.NumPadFunTest"/>
  <testcase name="btn_ThreeTest" time="0.212" classname="zClassCalcScnt.testLayer.NumPadFunTest"/>
  <testcase name="numPadTitleTest" time="0.132" classname="zClassCalcScnt.testLayer.NumPadFunTest"/>
  <testcase name="btn_OneTest" time="0.275" classname="zClassCalcScnt.testLayer.NumPadFunTest"/>
  <testcase name="btn_SevenTest" time="0.243" classname="zClassCalcScnt.testLayer.NumPadFunTest"/>
  <testcase name="AutoCalculate2Test" time="1.364" classname="zClassCalcScnt.testLayer.NumPadFunTest"/>
  <testcase name="btn_SqRtTest" time="0.304" classname="zClassCalcScnt.testLayer.NumPadFunTest"/>
  <testcase name="btn_closeParent" classname="zClassCalcScnt.testLayer.NumPadFunTest">
    <skipped/>
  </testcase> <!-- btn_closeParent -->
  <testcase name="btn_openParent" classname="zClassCalcScnt.testLayer.NumPadFunTest">
    <skipped/>
  </testcase> <!-- btn_openParent -->
</testsuite> <!-- zClassCalcScnt.testLayer.NumPadFunTest -->
