<?xml version="1.0" encoding="UTF-8"?>
<!-- Generated by org.testng.reporters.JUnitReportReporter -->
<testsuite skipped="0" hostname="DESKTOP-LBJPR90" name="zClassCalcScnt.baseLayer.Base" tests="1" failures="0" timestamp="05 Jun 2019 18:50:30 GMT" time="16.382" errors="0">
  <testcase name="initialization" time="16.382" classname="zClassCalcScnt.baseLayer.Base"/>
</testsuite> <!-- zClassCalcScnt.baseLayer.Base -->
