<?xml version="1.0" encoding="UTF-8"?>
<!-- Generated by org.testng.reporters.JUnitReportReporter -->
<testsuite skipped="0" hostname="DESKTOP-LBJPR90" name="zClassCalcScnt.testLayer.LoginPageTest" tests="2" failures="0" timestamp="11 Jun 2019 20:54:56 GMT" time="0.931" errors="0">
  <testcase name="loginPageTitleTest" time="0.021" classname="zClassCalcScnt.testLayer.LoginPageTest"/>
  <testcase name="loginTest" time="0.910" classname="zClassCalcScnt.testLayer.LoginPageTest"/>
</testsuite> <!-- zClassCalcScnt.testLayer.LoginPageTest -->
